<?xml version="1.0" encoding="UTF-8"?>
<!-- Generated by org.testng.reporters.JUnitReportReporter -->
<testsuite hostname="haohaizi-PC" name="com.dev.advisor.AdvisorTester" tests="1" failures="0" timestamp="6 Jun 2018 15:55:30 GMT" time="9.154" errors="1">
  <testcase name="staticMethorAdvisor" time="9.154" classname="com.dev.advisor.AdvisorTester">
    <error type="org.springframework.aop.framework.AopConfigException" message="Could not generate CGLIB subclass of class [class com.dev.advisor.Target]: Common causes of this problem include using a final class or a non-visible class; nested exception is org.springframework.aop.framework.adapter.UnknownAdviceTypeException: Advice object [null] is neither a supported subinterface of [org.aopalliance.aop.Advice] nor an [org.springframework.aop.Advisor]">
      <![CDATA[org.springframework.aop.framework.AopConfigException: Could not generate CGLIB subclass of class [class com.dev.advisor.Target]: Common causes of this problem include using a final class or a non-visible class; nested exception is org.springframework.aop.framework.adapter.UnknownAdviceTypeException: Advice object [null] is neither a supported subinterface of [org.aopalliance.aop.Advice] nor an [org.springframework.aop.Advisor]
	at org.springframework.aop.framework.CglibAopProxy.getProxy(CglibAopProxy.java:212)
	at org.springframework.aop.framework.CglibAopProxy.getProxy(CglibAopProxy.java:152)
	at org.springframework.aop.framework.ProxyFactory.getProxy(ProxyFactory.java:98)
	at com.dev.advisor.AdvisorTester.staticMethorAdvisor(AdvisorTester.java:25)
	at sun.reflect.NativeMethodAccessorImpl.invoke0(Native Method)
	at sun.reflect.NativeMethodAccessorImpl.invoke(Unknown Source)
	at sun.reflect.DelegatingMethodAccessorImpl.invoke(Unknown Source)
	at java.lang.reflect.Method.invoke(Unknown Source)
	at org.testng.internal.MethodInvocationHelper.invokeMethod(MethodInvocationHelper.java:86)
	at org.testng.internal.Invoker.invokeMethod(Invoker.java:643)
	at org.testng.internal.Invoker.invokeTestMethod(Invoker.java:820)
	at org.testng.internal.Invoker.invokeTestMethods(Invoker.java:1128)
	at org.testng.internal.TestMethodWorker.invokeTestMethods(TestMethodWorker.java:129)
	at org.testng.internal.TestMethodWorker.run(TestMethodWorker.java:112)
	at org.testng.TestRunner.privateRun(TestRunner.java:782)
	at org.testng.TestRunner.run(TestRunner.java:632)
	at org.testng.SuiteRunner.runTest(SuiteRunner.java:366)
	at org.testng.SuiteRunner.runSequentially(SuiteRunner.java:361)
	at org.testng.SuiteRunner.privateRun(SuiteRunner.java:319)
	at org.testng.SuiteRunner.run(SuiteRunner.java:268)
	at org.testng.SuiteRunnerWorker.runSuite(SuiteRunnerWorker.java:52)
	at org.testng.SuiteRunnerWorker.run(SuiteRunnerWorker.java:86)
	at org.testng.TestNG.runSuitesSequentially(TestNG.java:1244)
	at org.testng.TestNG.runSuitesLocally(TestNG.java:1169)
	at org.testng.TestNG.run(TestNG.java:1064)
	at org.testng.remote.AbstractRemoteTestNG.run(AbstractRemoteTestNG.java:132)
	at org.testng.remote.RemoteTestNG.initAndRun(RemoteTestNG.java:230)
	at org.testng.remote.RemoteTestNG.main(RemoteTestNG.java:76)
Caused by: org.springframework.aop.framework.adapter.UnknownAdviceTypeException: Advice object [null] is neither a supported subinterface of [org.aopalliance.aop.Advice] nor an [org.springframework.aop.Advisor]
	at org.springframework.aop.framework.adapter.DefaultAdvisorAdapterRegistry.getInterceptors(DefaultAdvisorAdapterRegistry.java:91)
	at org.springframework.aop.framework.DefaultAdvisorChainFactory.getInterceptorsAndDynamicInterceptionAdvice(DefaultAdvisorChainFactory.java:63)
	at org.springframework.aop.framework.AdvisedSupport.getInterceptorsAndDynamicInterceptionAdvice(AdvisedSupport.java:489)
	at org.springframework.aop.framework.CglibAopProxy$ProxyCallbackFilter.accept(CglibAopProxy.java:795)
	at org.springframework.cglib.proxy.Enhancer.emitMethods(Enhancer.java:887)
	at org.springframework.cglib.proxy.Enhancer.generateClass(Enhancer.java:498)
	at org.springframework.cglib.transform.TransformingClassGenerator.generateClass(TransformingClassGenerator.java:33)
	at org.springframework.cglib.core.DefaultGeneratorStrategy.generate(DefaultGeneratorStrategy.java:25)
	at org.springframework.cglib.core.AbstractClassGenerator.create(AbstractClassGenerator.java:216)
	at org.springframework.cglib.proxy.Enhancer.createHelper(Enhancer.java:377)
	at org.springframework.cglib.proxy.Enhancer.createClass(Enhancer.java:317)
	at org.springframework.aop.framework.ObjenesisCglibAopProxy.createProxyClassAndInstance(ObjenesisCglibAopProxy.java:57)
	at org.springframework.aop.framework.CglibAopProxy.getProxy(CglibAopProxy.java:202)
	... 27 more
]]>
    </error>
  </testcase> <!-- staticMethorAdvisor -->
</testsuite> <!-- com.dev.advisor.AdvisorTester -->
