<?xml version="1.0" encoding="UTF-8"?>
<!-- Generated by org.testng.reporters.JUnitReportReporter -->
<testsuite hostname="haohaizi-PC" name="com.dev.advice.AdviceTester" tests="1" failures="0" timestamp="2 Jun 2018 08:25:39 GMT" time="0.793" errors="0">
  <testcase name="beforce" time="0.793" classname="com.dev.advice.AdviceTester"/>
</testsuite> <!-- com.dev.advice.AdviceTester -->
